<?xml version="1.0" encoding="UTF-8"?>
<testsuite xmlns:xsi="http://www.w3.org/2001/XMLSchema-instance" xsi:noNamespaceSchemaLocation="https://maven.apache.org/surefire/maven-surefire-plugin/xsd/surefire-test-report.xsd" version="3.0.1" name="forum.api.java.infrastructure.repository.UserRepositoryImplTest" time="0.233" tests="3" errors="0" skipped="0" failures="0">
  <properties>
[...]
</properties>
  <testcase name="testPersistRegisterUserAndReturnRegisteredUserCorrectly" classname="forum.api.java.infrastructure.repository.UserRepositoryImplTest" time="0.026">
    <system-out><![CDATA[2025-12-25T05:38:11.580+07:00  INFO 32214 --- [           main] t.c.s.AnnotationConfigContextLoaderUtils : Could not detect default configuration classes for test class [forum.api.java.infrastructure.repository.UserRepositoryImplTest]: UserRepositoryImplTest does not declare any static, non-private, non-final, nested classes annotated with @Configuration.
2025-12-25T05:38:11.586+07:00  INFO 32214 --- [           main] .b.t.c.SpringBootTestContextBootstrapper : Found @SpringBootConfiguration forum.api.java.App for test class forum.api.java.infrastructure.repository.UserRepositoryImplTest

  .   ____          _            __ _ _
 /\\ / ___'_ __ _ _(_)_ __  __ _ \ \ \ \
( ( )\___ | '_ | '_| | '_ \/ _` | \ \ \ \
 \\/  ___)| |_)| | | | | || (_| |  ) ) ) )
  '  |____| .__|_| |_|_| |_\__, | / / / /
 =========|_|==============|___/=/_/_/_/
 :: Spring Boot ::                (v3.2.1)

2025-12-25T05:38:11.597+07:00  INFO 32214 --- [           main] f.a.j.i.r.UserRepositoryImplTest         : Starting UserRepositoryImplTest using Java 21.0.3 with PID 32214 (started by sandy in /Users/sandy/Development/project-belajar/forum-api-java)
2025-12-25T05:38:11.597+07:00  INFO 32214 --- [           main] f.a.j.i.r.UserRepositoryImplTest         : No active profile set, falling back to 1 default profile: "default"
2025-12-25T05:38:11.644+07:00  INFO 32214 --- [           main] .s.d.r.c.RepositoryConfigurationDelegate : Bootstrapping Spring Data JPA repositories in DEFAULT mode.
2025-12-25T05:38:11.651+07:00  INFO 32214 --- [           main] .s.d.r.c.RepositoryConfigurationDelegate : Finished Spring Data repository scanning in 7 ms. Found 2 JPA repository interfaces.
2025-12-25T05:38:11.658+07:00  INFO 32214 --- [           main] beddedDataSourceBeanFactoryPostProcessor : Replacing 'dataSource' DataSource bean with embedded version
2025-12-25T05:38:11.666+07:00  INFO 32214 --- [           main] o.s.j.d.e.EmbeddedDatabaseFactory        : Starting embedded database: url='jdbc:h2:mem:55e4193d-a6fe-4e5d-a3b8-5f9f4505df77;DB_CLOSE_DELAY=-1;DB_CLOSE_ON_EXIT=false', username='sa'
2025-12-25T05:38:11.677+07:00  INFO 32214 --- [           main] o.hibernate.jpa.internal.util.LogHelper  : HHH000204: Processing PersistenceUnitInfo [name: default]
2025-12-25T05:38:11.678+07:00  INFO 32214 --- [           main] o.h.c.internal.RegionFactoryInitiator    : HHH000026: Second-level cache disabled
2025-12-25T05:38:11.679+07:00  INFO 32214 --- [           main] o.s.o.j.p.SpringPersistenceUnitInfo      : No LoadTimeWeaver setup: ignoring JPA class transformer
2025-12-25T05:38:11.697+07:00  INFO 32214 --- [           main] o.h.e.t.j.p.i.JtaPlatformInitiator       : HHH000489: No JTA platform available (set 'hibernate.transaction.jta.platform' to enable JTA platform integration)
Hibernate: create table refresh_tokens (id varchar(255) not null, expires_at timestamp(6) with time zone not null, token varchar(255) not null, user_id varchar(255) not null, primary key (id))
Hibernate: create table users (id varchar(255) not null, fullname varchar(255) not null, password varchar(255) not null, username varchar(255) not null, primary key (id))
Hibernate: alter table if exists refresh_tokens drop constraint if exists UK_ghpmfn23vmxfu3spu3lfg4r2d
Hibernate: alter table if exists refresh_tokens add constraint UK_ghpmfn23vmxfu3spu3lfg4r2d unique (token)
Hibernate: alter table if exists users drop constraint if exists UK_rp1jmf7lif56vadoth1s2ywko
Hibernate: alter table if exists users add constraint UK_rp1jmf7lif56vadoth1s2ywko unique (fullname)
Hibernate: alter table if exists users drop constraint if exists UK_r43af9ap4edm43mmtq01oddj6
Hibernate: alter table if exists users add constraint UK_r43af9ap4edm43mmtq01oddj6 unique (username)
Hibernate: alter table if exists refresh_tokens add constraint FK1lih5y2npsf8u5o3vhdb9y0os foreign key (user_id) references users
2025-12-25T05:38:11.701+07:00  INFO 32214 --- [           main] j.LocalContainerEntityManagerFactoryBean : Initialized JPA EntityManagerFactory for persistence unit 'default'
2025-12-25T05:38:11.756+07:00  INFO 32214 --- [           main] f.a.j.i.r.UserRepositoryImplTest         : Started UserRepositoryImplTest in 0.169 seconds (process running for 4.988)
]]></system-out>
  </testcase>
  <testcase name="testReturnFalseWhenUsernameNotAvailable" classname="forum.api.java.infrastructure.repository.UserRepositoryImplTest" time="0.013">
    <system-out><![CDATA[Hibernate: select ue1_0.id,ue1_0.fullname,ue1_0.password,ue1_0.username from users ue1_0 where ue1_0.username=?
]]></system-out>
  </testcase>
  <testcase name="testReturnTrueWhenUsernameAvailable" classname="forum.api.java.infrastructure.repository.UserRepositoryImplTest" time="0.006">
    <system-out><![CDATA[Hibernate: insert into users (fullname,password,username,id) values (?,?,?,?)
Hibernate: select ue1_0.id,ue1_0.fullname,ue1_0.password,ue1_0.username from users ue1_0 where ue1_0.username=?
]]></system-out>
  </testcase>
</testsuite>