<?xml version="1.0" encoding="UTF-8"?>
<testsuite xmlns:xsi="http://www.w3.org/2001/XMLSchema-instance" xsi:noNamespaceSchemaLocation="https://maven.apache.org/surefire/maven-surefire-plugin/xsd/surefire-test-report.xsd" version="3.0.1" name="forum.api.java.infrastructure.repository.UserRepositoryImplTest" time="1.624" tests="3" errors="0" skipped="0" failures="0">
  <properties>
[...]
</properties>
  <testcase name="testPersistRegisterUserAndReturnRegisteredUserCorrectly" classname="forum.api.java.infrastructure.repository.UserRepositoryImplTest" time="0.308">
    <system-out><![CDATA[18:56:03.501 [main] DEBUG com.zaxxer.hikari.HikariConfig -- Driver class com.mysql.cj.jdbc.Driver found in Thread context class loader jdk.internal.loader.ClassLoaders$AppClassLoader@7a8c5397
18:56:03.524 [main] DEBUG com.zaxxer.hikari.HikariConfig -- HikariPool-1 - configuration:
18:56:03.533 [main] DEBUG com.zaxxer.hikari.HikariConfig -- allowPoolSuspension.............false
18:56:03.534 [main] DEBUG com.zaxxer.hikari.HikariConfig -- autoCommit......................true
18:56:03.534 [main] DEBUG com.zaxxer.hikari.HikariConfig -- catalog.........................none
18:56:03.534 [main] DEBUG com.zaxxer.hikari.HikariConfig -- connectionInitSql...............none
18:56:03.534 [main] DEBUG com.zaxxer.hikari.HikariConfig -- connectionTestQuery.............none
18:56:03.537 [main] DEBUG com.zaxxer.hikari.HikariConfig -- connectionTimeout...............30000
18:56:03.538 [main] DEBUG com.zaxxer.hikari.HikariConfig -- dataSource......................none
18:56:03.538 [main] DEBUG com.zaxxer.hikari.HikariConfig -- dataSourceClassName.............none
18:56:03.538 [main] DEBUG com.zaxxer.hikari.HikariConfig -- dataSourceJNDI..................none
18:56:03.541 [main] DEBUG com.zaxxer.hikari.HikariConfig -- dataSourceProperties............{password=<masked>}
18:56:03.542 [main] DEBUG com.zaxxer.hikari.HikariConfig -- driverClassName................."com.mysql.cj.jdbc.Driver"
18:56:03.550 [main] DEBUG com.zaxxer.hikari.HikariConfig -- exceptionOverrideClassName......none
18:56:03.555 [main] DEBUG com.zaxxer.hikari.HikariConfig -- healthCheckProperties...........{}
18:56:03.556 [main] DEBUG com.zaxxer.hikari.HikariConfig -- healthCheckRegistry.............none
18:56:03.557 [main] DEBUG com.zaxxer.hikari.HikariConfig -- idleTimeout.....................60000
18:56:03.557 [main] DEBUG com.zaxxer.hikari.HikariConfig -- initializationFailTimeout.......1
18:56:03.558 [main] DEBUG com.zaxxer.hikari.HikariConfig -- isolateInternalQueries..........false
18:56:03.558 [main] DEBUG com.zaxxer.hikari.HikariConfig -- jdbcUrl.........................jdbc:mysql://localhost:3306/forum_api_java?serverTimezone=Asia/Jakarta
18:56:03.558 [main] DEBUG com.zaxxer.hikari.HikariConfig -- leakDetectionThreshold..........0
18:56:03.558 [main] DEBUG com.zaxxer.hikari.HikariConfig -- maxLifetime.....................600000
18:56:03.559 [main] DEBUG com.zaxxer.hikari.HikariConfig -- maximumPoolSize.................10
18:56:03.559 [main] DEBUG com.zaxxer.hikari.HikariConfig -- metricRegistry..................none
18:56:03.559 [main] DEBUG com.zaxxer.hikari.HikariConfig -- metricsTrackerFactory...........none
18:56:03.559 [main] DEBUG com.zaxxer.hikari.HikariConfig -- minimumIdle.....................5
18:56:03.560 [main] DEBUG com.zaxxer.hikari.HikariConfig -- password........................<masked>
18:56:03.561 [main] DEBUG com.zaxxer.hikari.HikariConfig -- poolName........................"HikariPool-1"
18:56:03.563 [main] DEBUG com.zaxxer.hikari.HikariConfig -- readOnly........................false
18:56:03.564 [main] DEBUG com.zaxxer.hikari.HikariConfig -- registerMbeans..................false
18:56:03.566 [main] DEBUG com.zaxxer.hikari.HikariConfig -- scheduledExecutor...............none
18:56:03.567 [main] DEBUG com.zaxxer.hikari.HikariConfig -- schema..........................none
18:56:03.567 [main] DEBUG com.zaxxer.hikari.HikariConfig -- threadFactory...................internal
18:56:03.567 [main] DEBUG com.zaxxer.hikari.HikariConfig -- transactionIsolation............default
18:56:03.567 [main] DEBUG com.zaxxer.hikari.HikariConfig -- username........................"root"
18:56:03.568 [main] DEBUG com.zaxxer.hikari.HikariConfig -- validationTimeout...............5000
18:56:03.593 [main] INFO com.zaxxer.hikari.HikariDataSource -- HikariPool-1 - Starting...
18:56:04.558 [main] DEBUG com.zaxxer.hikari.pool.HikariPool -- HikariPool-1 - Added connection com.mysql.cj.jdbc.ConnectionImpl@444cc791
18:56:04.565 [main] INFO com.zaxxer.hikari.HikariDataSource -- HikariPool-1 - Start completed.
18:56:04.649 [main] INFO forum.api.java.helpers.UsersHelper -- User table truncated successfully
18:56:04.669 [HikariPool-1 housekeeper] DEBUG com.zaxxer.hikari.pool.HikariPool -- HikariPool-1 - Before cleanup stats (total=1, active=1, idle=0, waiting=0)
18:56:04.675 [HikariPool-1 housekeeper] DEBUG com.zaxxer.hikari.pool.HikariPool -- HikariPool-1 - After cleanup  stats (total=1, active=1, idle=0, waiting=0)
18:56:04.792 [HikariPool-1 connection adder] DEBUG com.zaxxer.hikari.pool.HikariPool -- HikariPool-1 - Added connection com.mysql.cj.jdbc.ConnectionImpl@59feb76d
18:56:04.864 [HikariPool-1 connection adder] DEBUG com.zaxxer.hikari.pool.HikariPool -- HikariPool-1 - Added connection com.mysql.cj.jdbc.ConnectionImpl@18c3bd56
18:56:04.877 [main] INFO forum.api.java.infrastructure.repository.UserRepositoryImpl -- Failed to save user data
]]></system-out>
  </testcase>
  <testcase name="testReturnFalseWhenUsernameNotAvailable" classname="forum.api.java.infrastructure.repository.UserRepositoryImplTest" time="0.098">
    <system-out><![CDATA[18:56:04.913 [HikariPool-1 connection adder] DEBUG com.zaxxer.hikari.pool.HikariPool -- HikariPool-1 - Added connection com.mysql.cj.jdbc.ConnectionImpl@2991012a
18:56:04.950 [main] INFO forum.api.java.helpers.UsersHelper -- User table truncated successfully
18:56:04.963 [HikariPool-1 connection adder] DEBUG com.zaxxer.hikari.pool.HikariPool -- HikariPool-1 - Added connection com.mysql.cj.jdbc.ConnectionImpl@398cdf10
18:56:04.985 [main] INFO forum.api.java.infrastructure.repository.UserRepositoryImpl -- User user does not exist
]]></system-out>
  </testcase>
  <testcase name="testReturnTrueWhenUsernameAvailable" classname="forum.api.java.infrastructure.repository.UserRepositoryImplTest" time="0.08">
    <system-out><![CDATA[18:56:05.048 [HikariPool-1 connection adder] DEBUG com.zaxxer.hikari.pool.HikariPool -- HikariPool-1 - Added connection com.mysql.cj.jdbc.ConnectionImpl@2389fa9f
18:56:05.048 [HikariPool-1 connection adder] DEBUG com.zaxxer.hikari.pool.HikariPool -- HikariPool-1 - After adding stats (total=6, active=1, idle=5, waiting=0)
18:56:05.070 [main] INFO forum.api.java.helpers.UsersHelper -- User table truncated successfully
18:56:05.078 [main] INFO forum.api.java.helpers.UsersHelper -- User user data has been saved successfully
18:56:05.081 [main] INFO forum.api.java.infrastructure.repository.UserRepositoryImpl -- User user is already exist
]]></system-out>
  </testcase>
</testsuite>